=== Suite started at 2021-03-18 10:04:53
=== Starting test, 2 test cases
=cases         2
=user          Adrian
=host          nohost
=hosts         nohost 
=emulator_vsn  10.5
=emulator      beam
=otp_release   22
=started       2021-03-18 10:04:53
=case          sock_worker_SUITE:init_per_suite
=logfile       sock_worker_suite.init_per_suite.html
=started       2021-03-18 10:04:53
=ended         2021-03-18 10:04:54
=result        ok
=elapsed       0.0
=case          sock_worker_SUITE:can_receive_state
=logfile       sock_worker_suite.can_receive_state.html
=started       2021-03-18 10:04:54
=ended         2021-03-18 10:04:54
=result        failed: {undef,
                           [{sock_worker_SUITE,can_receive_state,
                                [[{watchdog,<0.191.0>},
                                  {tc_logfile,
                                      "c:/Users/Adrian/Desktop/Erlang/simple_app/_build/test/logs/ct_run.nonode@nohost.2021-03-18_10.04.53/lib.sockapp.logs/run.2021-03-18_10.04.53/sock_worker_suite.can_receive_state.html"},
                                  {tc_group_properties,[]},
                                  {tc_group_path,[]},
                                  {data_dir,
                                      "c:/Users/Adrian/Desktop/Erlang/simple_app/_build/test/lib/sockapp/test/sock_worker_SUITE_data/"},
                                  {priv_dir,
                                      "c:/Users/Adrian/Desktop/Erlang/simple_app/_build/test/logs/ct_run.nonode@nohost.2021-03-18_10.04.53/lib.sockapp.logs/run.2021-03-18_10.04.53/log_private/"}]],
                                []},
                            {test_server,ts_tc,3,
                                [{file,"test_server.erl"},{line,1754}]},
                            {test_server,run_test_case_eval1,6,
                                [{file,"test_server.erl"},{line,1263}]},
                            {test_server,run_test_case_eval,9,
                                [{file,"test_server.erl"},{line,1195}]}]}, [{sock_worker_SUITE,
                                                                             can_receive_state},
                                                                            {test_server,
                                                                             ts_tc,
                                                                             1754},
                                                                            {test_server,
                                                                             run_test_case_eval1,
                                                                             1263},
                                                                            {test_server,
                                                                             run_test_case_eval,
                                                                             1195}]
=== *** FAILED test case 1 of 2 ***
=case          sock_worker_SUITE:can_enter_tcp_clause
=logfile       sock_worker_suite.can_enter_tcp_clause.html
=started       2021-03-18 10:04:54
=ended         2021-03-18 10:04:54
=result        failed: {undef,
                           [{sock_worker_SUITE,can_enter_tcp_clause,
                                [[{watchdog,<0.204.0>},
                                  {tc_logfile,
                                      "c:/Users/Adrian/Desktop/Erlang/simple_app/_build/test/logs/ct_run.nonode@nohost.2021-03-18_10.04.53/lib.sockapp.logs/run.2021-03-18_10.04.53/sock_worker_suite.can_enter_tcp_clause.html"},
                                  {tc_group_properties,[]},
                                  {tc_group_path,[]},
                                  {data_dir,
                                      "c:/Users/Adrian/Desktop/Erlang/simple_app/_build/test/lib/sockapp/test/sock_worker_SUITE_data/"},
                                  {priv_dir,
                                      "c:/Users/Adrian/Desktop/Erlang/simple_app/_build/test/logs/ct_run.nonode@nohost.2021-03-18_10.04.53/lib.sockapp.logs/run.2021-03-18_10.04.53/log_private/"}]],
                                []},
                            {test_server,ts_tc,3,
                                [{file,"test_server.erl"},{line,1754}]},
                            {test_server,run_test_case_eval1,6,
                                [{file,"test_server.erl"},{line,1263}]},
                            {test_server,run_test_case_eval,9,
                                [{file,"test_server.erl"},{line,1195}]}]}, [{sock_worker_SUITE,
                                                                             can_enter_tcp_clause},
                                                                            {test_server,
                                                                             ts_tc,
                                                                             1754},
                                                                            {test_server,
                                                                             run_test_case_eval1,
                                                                             1263},
                                                                            {test_server,
                                                                             run_test_case_eval,
                                                                             1195}]
=== *** FAILED test case 2 of 2 ***
=case          sock_worker_SUITE:end_per_suite
=logfile       sock_worker_suite.end_per_suite.html
=started       2021-03-18 10:04:54
=ended         2021-03-18 10:04:54
=result        ok
=elapsed       0.0
=group_time    0.135s
=== TEST COMPLETE, 0 ok, 2 failed of 2 test cases

=finished      2021-03-18 10:04:54
=failed        2
=successful    0
=user_skipped  0
=auto_skipped  0
