
Common Test starting (cwd is c:/Users/Adrian/Desktop/Erlang/simple_app)



CWD set to: "c:/Users/Adrian/Desktop/Erlang/simple_app/_build/test/logs/ct_run.nonode@nohost.2021-03-18_10.04.53"

TEST INFO: 1 test(s), 2 case(s) in 1 suite(s)

Testing lib.sockapp: Starting test, 2 test cases

- - - - - - - - - - - - - - - - - - - - - - - - - - - - - - - - - - - - - - - -
sock_worker_SUITE:can_receive_state failed
Reason: undef
- - - - - - - - - - - - - - - - - - - - - - - - - - - - - - - - - - - - - - - -

Testing lib.sockapp: *** FAILED test case 1 of 2 ***

- - - - - - - - - - - - - - - - - - - - - - - - - - - - - - - - - - - - - - - -
sock_worker_SUITE:can_enter_tcp_clause failed
Reason: undef
- - - - - - - - - - - - - - - - - - - - - - - - - - - - - - - - - - - - - - - -

Testing lib.sockapp: *** FAILED test case 2 of 2 ***
Testing lib.sockapp: TEST COMPLETE, 0 ok, 2 failed of 2 test cases

Updating c:/Users/Adrian/Desktop/Erlang/simple_app/_build/test/logs/index.html ... done
Updating c:/Users/Adrian/Desktop/Erlang/simple_app/_build/test/logs/all_runs.html ... done
